<?xml version="1.0" encoding="UTF-8"?>
<!-- Generated by org.testng.reporters.JUnitReportReporter -->
<testsuite hostname="EG1050NB" name="com.mobiquityinc.packer.AppTest" tests="1" failures="0" timestamp="13 Jun 2017 19:37:44 GMT" time="0.009" errors="0">
  <testcase name="testEmailGenerator" time="0.009" classname="com.mobiquityinc.packer.AppTest"/>
</testsuite> <!-- com.mobiquityinc.packer.AppTest -->
