<?xml version="1.0" encoding="UTF-8"?>
<!-- Generated by org.testng.reporters.JUnitReportReporter -->
<testsuite hostname="EG1050NB" name="com.mobiquityinc.util.ItemsFileReaderTest" tests="2" failures="0" timestamp="13 Jun 2017 22:12:52 GMT" time="0.000" errors="0">
  <testcase name="testCorrectParameters" time="0.000" classname="com.mobiquityinc.util.ItemsFileReaderTest"/>
  <testcase name="testInCorrectParameters" time="0.000" classname="com.mobiquityinc.util.ItemsFileReaderTest"/>
</testsuite> <!-- com.mobiquityinc.util.ItemsFileReaderTest -->
