<?xml version="1.0" encoding="UTF-8"?>
<!-- Generated by org.testng.reporters.JUnitReportReporter -->
<testsuite hostname="EG1050NB" name="com.mobiquityinc.util.CombinationTest" tests="1" failures="0" timestamp="13 Jun 2017 22:12:52 GMT" time="0.016" errors="0">
  <testcase name="testGetCombination" time="0.016" classname="com.mobiquityinc.util.CombinationTest"/>
</testsuite> <!-- com.mobiquityinc.util.CombinationTest -->
